-------------------------------------------------------------------------------
Test set: com.Infocepts.QATesting.QATest
-------------------------------------------------------------------------------
Tests run: 1, Failures: 1, Errors: 0, Skipped: 0, Time elapsed: 0.701 sec <<< FAILURE!
com.Infocepts.QATesting.QATest.test1()  Time elapsed: 0.701 sec  <<< FAILURE!
java.lang.IllegalArgumentException: Error while instantiating 'org.apache.spark.sql.hive.HiveSessionState':
	at org.apache.spark.sql.SparkSession$.org$apache$spark$sql$SparkSession$$reflect(SparkSession.scala:981)
	at org.apache.spark.sql.SparkSession.sessionState$lzycompute(SparkSession.scala:110)
	at org.apache.spark.sql.SparkSession.sessionState(SparkSession.scala:109)
	at org.apache.spark.sql.SparkSession$Builder$$anonfun$getOrCreate$5.apply(SparkSession.scala:878)
	at org.apache.spark.sql.SparkSession$Builder$$anonfun$getOrCreate$5.apply(SparkSession.scala:878)
	at scala.collection.mutable.HashMap$$anonfun$foreach$1.apply(HashMap.scala:99)
	at scala.collection.mutable.HashMap$$anonfun$foreach$1.apply(HashMap.scala:99)
	at scala.collection.mutable.HashTable$class.foreachEntry(HashTable.scala:230)
	at scala.collection.mutable.HashMap.foreachEntry(HashMap.scala:40)
	at scala.collection.mutable.HashMap.foreach(HashMap.scala:99)
	at org.apache.spark.sql.SparkSession$Builder.getOrCreate(SparkSession.scala:878)
	at com.Infocepts.QATesting.QATest.test1(QATest.scala:13)
Caused by: java.lang.reflect.InvocationTargetException
	at sun.reflect.NativeConstructorAccessorImpl.newInstance0(Native Method)
	at sun.reflect.NativeConstructorAccessorImpl.newInstance(NativeConstructorAccessorImpl.java:62)
	at sun.reflect.DelegatingConstructorAccessorImpl.newInstance(DelegatingConstructorAccessorImpl.java:45)
	at java.lang.reflect.Constructor.newInstance(Constructor.java:423)
	at org.apache.spark.sql.SparkSession$.org$apache$spark$sql$SparkSession$$reflect(SparkSession.scala:978)
	... 29 more
Caused by: java.lang.IllegalArgumentException: Error while instantiating 'org.apache.spark.sql.hive.HiveExternalCatalog':
	at org.apache.spark.sql.internal.SharedState$.org$apache$spark$sql$internal$SharedState$$reflect(SharedState.scala:169)
	at org.apache.spark.sql.internal.SharedState.<init>(SharedState.scala:86)
	at org.apache.spark.sql.SparkSession$$anonfun$sharedState$1.apply(SparkSession.scala:101)
	at org.apache.spark.sql.SparkSession$$anonfun$sharedState$1.apply(SparkSession.scala:101)
	at scala.Option.getOrElse(Option.scala:121)
	at org.apache.spark.sql.SparkSession.sharedState$lzycompute(SparkSession.scala:101)
	at org.apache.spark.sql.SparkSession.sharedState(SparkSession.scala:100)
	at org.apache.spark.sql.internal.SessionState.<init>(SessionState.scala:157)
	at org.apache.spark.sql.hive.HiveSessionState.<init>(HiveSessionState.scala:32)
	... 34 more
Caused by: java.lang.reflect.InvocationTargetException
	at sun.reflect.NativeConstructorAccessorImpl.newInstance0(Native Method)
	at sun.reflect.NativeConstructorAccessorImpl.newInstance(NativeConstructorAccessorImpl.java:62)
	at sun.reflect.DelegatingConstructorAccessorImpl.newInstance(DelegatingConstructorAccessorImpl.java:45)
	at java.lang.reflect.Constructor.newInstance(Constructor.java:423)
	at org.apache.spark.sql.internal.SharedState$.org$apache$spark$sql$internal$SharedState$$reflect(SharedState.scala:166)
	... 42 more
Caused by: java.lang.reflect.InvocationTargetException
	at sun.reflect.NativeConstructorAccessorImpl.newInstance0(Native Method)
	at sun.reflect.NativeConstructorAccessorImpl.newInstance(NativeConstructorAccessorImpl.java:62)
	at sun.reflect.DelegatingConstructorAccessorImpl.newInstance(DelegatingConstructorAccessorImpl.java:45)
	at java.lang.reflect.Constructor.newInstance(Constructor.java:423)
	at org.apache.spark.sql.hive.client.IsolatedClientLoader.createClient(IsolatedClientLoader.scala:264)
	at org.apache.spark.sql.hive.HiveUtils$.newClientForMetadata(HiveUtils.scala:358)
	at org.apache.spark.sql.hive.HiveUtils$.newClientForMetadata(HiveUtils.scala:262)
	at org.apache.spark.sql.hive.HiveExternalCatalog.<init>(HiveExternalCatalog.scala:66)
	... 47 more
Caused by: java.lang.RuntimeException: java.lang.RuntimeException: Unable to instantiate org.apache.hadoop.hive.ql.metadata.SessionHiveMetaStoreClient
	at org.apache.hadoop.hive.ql.session.SessionState.start(SessionState.java:522)
	at org.apache.spark.sql.hive.client.HiveClientImpl.<init>(HiveClientImpl.scala:188)
	... 55 more
Caused by: java.lang.RuntimeException: Unable to instantiate org.apache.hadoop.hive.ql.metadata.SessionHiveMetaStoreClient
	at org.apache.hadoop.hive.metastore.MetaStoreUtils.newInstance(MetaStoreUtils.java:1523)
	at org.apache.hadoop.hive.metastore.RetryingMetaStoreClient.<init>(RetryingMetaStoreClient.java:86)
	at org.apache.hadoop.hive.metastore.RetryingMetaStoreClient.getProxy(RetryingMetaStoreClient.java:132)
	at org.apache.hadoop.hive.metastore.RetryingMetaStoreClient.getProxy(RetryingMetaStoreClient.java:104)
	at org.apache.hadoop.hive.ql.metadata.Hive.createMetaStoreClient(Hive.java:3005)
	at org.apache.hadoop.hive.ql.metadata.Hive.getMSC(Hive.java:3024)
	at org.apache.hadoop.hive.ql.session.SessionState.start(SessionState.java:503)
	... 56 more
Caused by: java.lang.reflect.InvocationTargetException
	at sun.reflect.NativeConstructorAccessorImpl.newInstance0(Native Method)
	at sun.reflect.NativeConstructorAccessorImpl.newInstance(NativeConstructorAccessorImpl.java:62)
	at sun.reflect.DelegatingConstructorAccessorImpl.newInstance(DelegatingConstructorAccessorImpl.java:45)
	at java.lang.reflect.Constructor.newInstance(Constructor.java:423)
	at org.apache.hadoop.hive.metastore.MetaStoreUtils.newInstance(MetaStoreUtils.java:1521)
	... 62 more
Caused by: java.lang.NullPointerException
	at java.lang.ProcessBuilder.start(ProcessBuilder.java:1012)
	at org.apache.hadoop.util.Shell.runCommand(Shell.java:404)
	at org.apache.hadoop.util.Shell.run(Shell.java:379)
	at org.apache.hadoop.util.Shell$ShellCommandExecutor.execute(Shell.java:589)
	at org.apache.hadoop.util.Shell.execCommand(Shell.java:678)
	at org.apache.hadoop.util.Shell.execCommand(Shell.java:661)
	at org.apache.hadoop.security.ShellBasedUnixGroupsMapping.getUnixGroups(ShellBasedUnixGroupsMapping.java:83)
	at org.apache.hadoop.security.ShellBasedUnixGroupsMapping.getGroups(ShellBasedUnixGroupsMapping.java:52)
	at org.apache.hadoop.security.JniBasedUnixGroupsMappingWithFallback.getGroups(JniBasedUnixGroupsMappingWithFallback.java:50)
	at org.apache.hadoop.security.Groups.getGroups(Groups.java:89)
	at org.apache.hadoop.security.UserGroupInformation.getGroupNames(UserGroupInformation.java:1352)
	at org.apache.hadoop.hive.metastore.HiveMetaStoreClient.open(HiveMetaStoreClient.java:436)
	at org.apache.hadoop.hive.metastore.HiveMetaStoreClient.<init>(HiveMetaStoreClient.java:236)
	at org.apache.hadoop.hive.ql.metadata.SessionHiveMetaStoreClient.<init>(SessionHiveMetaStoreClient.java:74)
	... 67 more

